{"C:\\Users\\Sara Cadavid\\OneDrive - TRONEX S.A\\Documents\\Especialización\\MobReaNat\\task-manager-testing-lab\\src\\types.ts": {"path":"C:\\Users\\Sara Cadavid\\OneDrive - TRONEX S.A\\Documents\\Especialización\\MobReaNat\\task-manager-testing-lab\\src\\types.ts","statementMap":{},"fnMap":{},"branchMap":{},"s":{},"f":{},"b":{}}
,"C:\\Users\\Sara Cadavid\\OneDrive - TRONEX S.A\\Documents\\Especialización\\MobReaNat\\task-manager-testing-lab\\src\\components\\ConfirmDeleteDialog.tsx": {"path":"C:\\Users\\Sara Cadavid\\OneDrive - TRONEX S.A\\Documents\\Especialización\\MobReaNat\\task-manager-testing-lab\\src\\components\\ConfirmDeleteDialog.tsx","statementMap":{"0":{"start":{"line":17,"column":2},"end":{"line":47,"column":4}}},"fnMap":{"0":{"name":"ConfirmDeleteDialog","decl":{"start":{"line":11,"column":16},"end":{"line":11,"column":35}},"loc":{"start":{"line":16,"column":29},"end":{"line":48,"column":1}},"line":16}},"branchMap":{"0":{"loc":{"start":{"line":23,"column":42},"end":{"line":23,"column":85}},"type":"cond-expr","locations":[{"start":{"line":23,"column":54},"end":{"line":23,"column":70}},{"start":{"line":23,"column":73},"end":{"line":23,"column":85}}],"line":23}},"s":{"0":8},"f":{"0":8},"b":{"0":[5,3]},"_coverageSchema":"1a1c01bbd47fc00a2c39e90264f33305004495a9","hash":"4ed1649e54ea19b9e8eee3cb89c346c77f082b3b"}
,"C:\\Users\\Sara Cadavid\\OneDrive - TRONEX S.A\\Documents\\Especialización\\MobReaNat\\task-manager-testing-lab\\src\\components\\TaskCard.tsx": {"path":"C:\\Users\\Sara Cadavid\\OneDrive - TRONEX S.A\\Documents\\Especialización\\MobReaNat\\task-manager-testing-lab\\src\\components\\TaskCard.tsx","statementMap":{"0":{"start":{"line":11,"column":15},"end":{"line":11,"column":42}},"1":{"start":{"line":12,"column":2},"end":{"line":29,"column":4}},"2":{"start":{"line":23,"column":23},"end":{"line":23,"column":40}}},"fnMap":{"0":{"name":"TaskCard","decl":{"start":{"line":10,"column":16},"end":{"line":10,"column":24}},"loc":{"start":{"line":10,"column":60},"end":{"line":30,"column":1}},"line":10},"1":{"name":"(anonymous_1)","decl":{"start":{"line":23,"column":17},"end":{"line":23,"column":18}},"loc":{"start":{"line":23,"column":23},"end":{"line":23,"column":40}},"line":23}},"branchMap":{"0":{"loc":{"start":{"line":19,"column":39},"end":{"line":19,"column":80}},"type":"cond-expr","locations":[{"start":{"line":19,"column":46},"end":{"line":19,"column":62}},{"start":{"line":19,"column":65},"end":{"line":19,"column":80}}],"line":19},"1":{"loc":{"start":{"line":20,"column":9},"end":{"line":20,"column":46}},"type":"cond-expr","locations":[{"start":{"line":20,"column":16},"end":{"line":20,"column":30}},{"start":{"line":20,"column":33},"end":{"line":20,"column":46}}],"line":20}},"s":{"0":11,"1":11,"2":1},"f":{"0":11,"1":1},"b":{"0":[2,9],"1":[2,9]},"_coverageSchema":"1a1c01bbd47fc00a2c39e90264f33305004495a9","hash":"03ed640a895937476610913a829d9d65bea61eb0"}
,"C:\\Users\\Sara Cadavid\\OneDrive - TRONEX S.A\\Documents\\Especialización\\MobReaNat\\task-manager-testing-lab\\src\\components\\TaskForm.tsx": {"path":"C:\\Users\\Sara Cadavid\\OneDrive - TRONEX S.A\\Documents\\Especialización\\MobReaNat\\task-manager-testing-lab\\src\\components\\TaskForm.tsx","statementMap":{"0":{"start":{"line":9,"column":28},"end":{"line":9,"column":40}},"1":{"start":{"line":11,"column":23},"end":{"line":14,"column":3}},"2":{"start":{"line":12,"column":4},"end":{"line":12,"column":30}},"3":{"start":{"line":12,"column":23},"end":{"line":12,"column":30}},"4":{"start":{"line":13,"column":4},"end":{"line":13,"column":20}},"5":{"start":{"line":16,"column":2},"end":{"line":35,"column":4}}},"fnMap":{"0":{"name":"TaskForm","decl":{"start":{"line":8,"column":16},"end":{"line":8,"column":24}},"loc":{"start":{"line":8,"column":54},"end":{"line":36,"column":1}},"line":8},"1":{"name":"(anonymous_1)","decl":{"start":{"line":11,"column":23},"end":{"line":11,"column":24}},"loc":{"start":{"line":11,"column":29},"end":{"line":14,"column":3}},"line":11}},"branchMap":{"0":{"loc":{"start":{"line":12,"column":4},"end":{"line":12,"column":30}},"type":"if","locations":[{"start":{"line":12,"column":4},"end":{"line":12,"column":30}},{"start":{},"end":{}}],"line":12}},"s":{"0":10,"1":10,"2":4,"3":2,"4":2,"5":10},"f":{"0":10,"1":4},"b":{"0":[2,2]},"_coverageSchema":"1a1c01bbd47fc00a2c39e90264f33305004495a9","hash":"d911c84ebd0c63861dac6fe64517c301ff8ce26f"}
,"C:\\Users\\Sara Cadavid\\OneDrive - TRONEX S.A\\Documents\\Especialización\\MobReaNat\\task-manager-testing-lab\\src\\components\\TaskList.tsx": {"path":"C:\\Users\\Sara Cadavid\\OneDrive - TRONEX S.A\\Documents\\Especialización\\MobReaNat\\task-manager-testing-lab\\src\\components\\TaskList.tsx","statementMap":{"0":{"start":{"line":12,"column":2},"end":{"line":14,"column":3}},"1":{"start":{"line":13,"column":4},"end":{"line":13,"column":95}},"2":{"start":{"line":16,"column":2},"end":{"line":27,"column":4}},"3":{"start":{"line":23,"column":29},"end":{"line":23,"column":33}},"4":{"start":{"line":24,"column":34},"end":{"line":24,"column":78}}},"fnMap":{"0":{"name":"TaskList","decl":{"start":{"line":11,"column":16},"end":{"line":11,"column":24}},"loc":{"start":{"line":11,"column":72},"end":{"line":28,"column":1}},"line":11},"1":{"name":"(anonymous_1)","decl":{"start":{"line":11,"column":45},"end":{"line":11,"column":46}},"loc":{"start":{"line":11,"column":51},"end":{"line":11,"column":53}},"line":11},"2":{"name":"(anonymous_2)","decl":{"start":{"line":23,"column":22},"end":{"line":23,"column":23}},"loc":{"start":{"line":23,"column":29},"end":{"line":23,"column":33}},"line":23},"3":{"name":"(anonymous_3)","decl":{"start":{"line":24,"column":20},"end":{"line":24,"column":21}},"loc":{"start":{"line":24,"column":34},"end":{"line":24,"column":78}},"line":24}},"branchMap":{"0":{"loc":{"start":{"line":11,"column":34},"end":{"line":11,"column":53}},"type":"default-arg","locations":[{"start":{"line":11,"column":45},"end":{"line":11,"column":53}}],"line":11},"1":{"loc":{"start":{"line":12,"column":2},"end":{"line":14,"column":3}},"type":"if","locations":[{"start":{"line":12,"column":2},"end":{"line":14,"column":3}},{"start":{},"end":{}}],"line":12},"2":{"loc":{"start":{"line":19,"column":9},"end":{"line":19,"column":66}},"type":"cond-expr","locations":[{"start":{"line":19,"column":30},"end":{"line":19,"column":39}},{"start":{"line":19,"column":42},"end":{"line":19,"column":66}}],"line":19}},"s":{"0":5,"1":2,"2":3,"3":7,"4":4},"f":{"0":5,"1":0,"2":7,"3":4},"b":{"0":[3],"1":[2,3],"2":[2,1]},"_coverageSchema":"1a1c01bbd47fc00a2c39e90264f33305004495a9","hash":"4dd29cb90461fddb1f1551e00e3d68e141244f54"}
,"C:\\Users\\Sara Cadavid\\OneDrive - TRONEX S.A\\Documents\\Especialización\\MobReaNat\\task-manager-testing-lab\\src\\hooks\\useCounter.ts": {"path":"C:\\Users\\Sara Cadavid\\OneDrive - TRONEX S.A\\Documents\\Especialización\\MobReaNat\\task-manager-testing-lab\\src\\hooks\\useCounter.ts","statementMap":{"0":{"start":{"line":4,"column":28},"end":{"line":4,"column":50}},"1":{"start":{"line":6,"column":20},"end":{"line":6,"column":54}},"2":{"start":{"line":6,"column":26},"end":{"line":6,"column":54}},"3":{"start":{"line":6,"column":45},"end":{"line":6,"column":53}},"4":{"start":{"line":7,"column":20},"end":{"line":7,"column":54}},"5":{"start":{"line":7,"column":26},"end":{"line":7,"column":54}},"6":{"start":{"line":7,"column":45},"end":{"line":7,"column":53}},"7":{"start":{"line":8,"column":16},"end":{"line":8,"column":44}},"8":{"start":{"line":8,"column":22},"end":{"line":8,"column":44}},"9":{"start":{"line":10,"column":2},"end":{"line":10,"column":48}}},"fnMap":{"0":{"name":"useCounter","decl":{"start":{"line":3,"column":16},"end":{"line":3,"column":26}},"loc":{"start":{"line":3,"column":53},"end":{"line":11,"column":1}},"line":3},"1":{"name":"(anonymous_1)","decl":{"start":{"line":6,"column":20},"end":{"line":6,"column":21}},"loc":{"start":{"line":6,"column":26},"end":{"line":6,"column":54}},"line":6},"2":{"name":"(anonymous_2)","decl":{"start":{"line":6,"column":35},"end":{"line":6,"column":36}},"loc":{"start":{"line":6,"column":45},"end":{"line":6,"column":53}},"line":6},"3":{"name":"(anonymous_3)","decl":{"start":{"line":7,"column":20},"end":{"line":7,"column":21}},"loc":{"start":{"line":7,"column":26},"end":{"line":7,"column":54}},"line":7},"4":{"name":"(anonymous_4)","decl":{"start":{"line":7,"column":35},"end":{"line":7,"column":36}},"loc":{"start":{"line":7,"column":45},"end":{"line":7,"column":53}},"line":7},"5":{"name":"(anonymous_5)","decl":{"start":{"line":8,"column":16},"end":{"line":8,"column":17}},"loc":{"start":{"line":8,"column":22},"end":{"line":8,"column":44}},"line":8}},"branchMap":{"0":{"loc":{"start":{"line":3,"column":27},"end":{"line":3,"column":51}},"type":"default-arg","locations":[{"start":{"line":3,"column":50},"end":{"line":3,"column":51}}],"line":3}},"s":{"0":13,"1":13,"2":5,"3":5,"4":13,"5":3,"6":3,"7":13,"8":1,"9":13},"f":{"0":13,"1":5,"2":5,"3":3,"4":3,"5":1},"b":{"0":[5]},"_coverageSchema":"1a1c01bbd47fc00a2c39e90264f33305004495a9","hash":"7a84c43c9a699400ba8075b0d8978b0e858bbb10"}
,"C:\\Users\\Sara Cadavid\\OneDrive - TRONEX S.A\\Documents\\Especialización\\MobReaNat\\task-manager-testing-lab\\src\\hooks\\useCreateTask.ts": {"path":"C:\\Users\\Sara Cadavid\\OneDrive - TRONEX S.A\\Documents\\Especialización\\MobReaNat\\task-manager-testing-lab\\src\\hooks\\useCreateTask.ts","statementMap":{"0":{"start":{"line":6,"column":30},"end":{"line":6,"column":88}},"1":{"start":{"line":7,"column":28},"end":{"line":7,"column":48}},"2":{"start":{"line":9,"column":17},"end":{"line":18,"column":3}},"3":{"start":{"line":10,"column":4},"end":{"line":10,"column":25}},"4":{"start":{"line":11,"column":4},"end":{"line":17,"column":5}},"5":{"start":{"line":12,"column":19},"end":{"line":12,"column":42}},"6":{"start":{"line":13,"column":6},"end":{"line":13,"column":42}},"7":{"start":{"line":13,"column":25},"end":{"line":13,"column":40}},"8":{"start":{"line":14,"column":6},"end":{"line":14,"column":27}},"9":{"start":{"line":16,"column":6},"end":{"line":16,"column":25}},"10":{"start":{"line":20,"column":21},"end":{"line":22,"column":3}},"11":{"start":{"line":21,"column":4},"end":{"line":21,"column":56}},"12":{"start":{"line":21,"column":23},"end":{"line":21,"column":54}},"13":{"start":{"line":21,"column":42},"end":{"line":21,"column":53}},"14":{"start":{"line":24,"column":2},"end":{"line":24,"column":47}}},"fnMap":{"0":{"name":"useCreateTask","decl":{"start":{"line":5,"column":16},"end":{"line":5,"column":29}},"loc":{"start":{"line":5,"column":32},"end":{"line":25,"column":1}},"line":5},"1":{"name":"(anonymous_1)","decl":{"start":{"line":9,"column":17},"end":{"line":9,"column":18}},"loc":{"start":{"line":9,"column":42},"end":{"line":18,"column":3}},"line":9},"2":{"name":"(anonymous_2)","decl":{"start":{"line":13,"column":15},"end":{"line":13,"column":16}},"loc":{"start":{"line":13,"column":25},"end":{"line":13,"column":40}},"line":13},"3":{"name":"(anonymous_3)","decl":{"start":{"line":20,"column":21},"end":{"line":20,"column":22}},"loc":{"start":{"line":20,"column":37},"end":{"line":22,"column":3}},"line":20},"4":{"name":"(anonymous_4)","decl":{"start":{"line":21,"column":13},"end":{"line":21,"column":14}},"loc":{"start":{"line":21,"column":23},"end":{"line":21,"column":54}},"line":21},"5":{"name":"(anonymous_5)","decl":{"start":{"line":21,"column":35},"end":{"line":21,"column":36}},"loc":{"start":{"line":21,"column":42},"end":{"line":21,"column":53}},"line":21}},"branchMap":{},"s":{"0":7,"1":7,"2":7,"3":3,"4":3,"5":3,"6":2,"7":2,"8":2,"9":1,"10":7,"11":1,"12":1,"13":1,"14":7},"f":{"0":7,"1":3,"2":2,"3":1,"4":1,"5":1},"b":{},"_coverageSchema":"1a1c01bbd47fc00a2c39e90264f33305004495a9","hash":"02dd069c6335a7ad17de4ce95597faca45960a62"}
,"C:\\Users\\Sara Cadavid\\OneDrive - TRONEX S.A\\Documents\\Especialización\\MobReaNat\\task-manager-testing-lab\\src\\hooks\\useTaskList.ts": {"path":"C:\\Users\\Sara Cadavid\\OneDrive - TRONEX S.A\\Documents\\Especialización\\MobReaNat\\task-manager-testing-lab\\src\\hooks\\useTaskList.ts","statementMap":{"0":{"start":{"line":5,"column":28},"end":{"line":5,"column":58}},"1":{"start":{"line":6,"column":28},"end":{"line":6,"column":57}},"2":{"start":{"line":8,"column":18},"end":{"line":20,"column":3}},"3":{"start":{"line":9,"column":4},"end":{"line":12,"column":5}},"4":{"start":{"line":10,"column":6},"end":{"line":10,"column":49}},"5":{"start":{"line":11,"column":6},"end":{"line":11,"column":13}},"6":{"start":{"line":13,"column":4},"end":{"line":13,"column":19}},"7":{"start":{"line":14,"column":26},"end":{"line":18,"column":5}},"8":{"start":{"line":19,"column":4},"end":{"line":19,"column":43}},"9":{"start":{"line":19,"column":23},"end":{"line":19,"column":41}},"10":{"start":{"line":22,"column":21},"end":{"line":24,"column":3}},"11":{"start":{"line":23,"column":4},"end":{"line":23,"column":62}},"12":{"start":{"line":23,"column":23},"end":{"line":23,"column":60}},"13":{"start":{"line":23,"column":45},"end":{"line":23,"column":59}},"14":{"start":{"line":26,"column":20},"end":{"line":26,"column":32}},"15":{"start":{"line":28,"column":2},"end":{"line":28,"column":58}}},"fnMap":{"0":{"name":"useTaskList","decl":{"start":{"line":4,"column":16},"end":{"line":4,"column":27}},"loc":{"start":{"line":4,"column":55},"end":{"line":29,"column":1}},"line":4},"1":{"name":"(anonymous_1)","decl":{"start":{"line":8,"column":18},"end":{"line":8,"column":19}},"loc":{"start":{"line":8,"column":37},"end":{"line":20,"column":3}},"line":8},"2":{"name":"(anonymous_2)","decl":{"start":{"line":19,"column":13},"end":{"line":19,"column":14}},"loc":{"start":{"line":19,"column":23},"end":{"line":19,"column":41}},"line":19},"3":{"name":"(anonymous_3)","decl":{"start":{"line":22,"column":21},"end":{"line":22,"column":22}},"loc":{"start":{"line":22,"column":37},"end":{"line":24,"column":3}},"line":22},"4":{"name":"(anonymous_4)","decl":{"start":{"line":23,"column":13},"end":{"line":23,"column":14}},"loc":{"start":{"line":23,"column":23},"end":{"line":23,"column":60}},"line":23},"5":{"name":"(anonymous_5)","decl":{"start":{"line":23,"column":35},"end":{"line":23,"column":36}},"loc":{"start":{"line":23,"column":45},"end":{"line":23,"column":59}},"line":23}},"branchMap":{"0":{"loc":{"start":{"line":4,"column":28},"end":{"line":4,"column":53}},"type":"default-arg","locations":[{"start":{"line":4,"column":51},"end":{"line":4,"column":53}}],"line":4},"1":{"loc":{"start":{"line":9,"column":4},"end":{"line":12,"column":5}},"type":"if","locations":[{"start":{"line":9,"column":4},"end":{"line":12,"column":5}},{"start":{},"end":{}}],"line":9}},"s":{"0":14,"1":14,"2":14,"3":5,"4":2,"5":2,"6":3,"7":3,"8":3,"9":3,"10":14,"11":2,"12":2,"13":4,"14":14,"15":14},"f":{"0":14,"1":5,"2":3,"3":2,"4":2,"5":4},"b":{"0":[10],"1":[2,3]},"_coverageSchema":"1a1c01bbd47fc00a2c39e90264f33305004495a9","hash":"c2f37f4cdcf0b05e5b5bc73aaf4384c3d281a4cb"}
,"C:\\Users\\Sara Cadavid\\OneDrive - TRONEX S.A\\Documents\\Especialización\\MobReaNat\\task-manager-testing-lab\\src\\schemas\\taskSchema.ts": {"path":"C:\\Users\\Sara Cadavid\\OneDrive - TRONEX S.A\\Documents\\Especialización\\MobReaNat\\task-manager-testing-lab\\src\\schemas\\taskSchema.ts","statementMap":{"0":{"start":{"line":3,"column":26},"end":{"line":8,"column":2}},"1":{"start":{"line":10,"column":30},"end":{"line":10,"column":49}}},"fnMap":{},"branchMap":{},"s":{"0":1,"1":1},"f":{},"b":{},"_coverageSchema":"1a1c01bbd47fc00a2c39e90264f33305004495a9","hash":"56f73601cb5bcbdea0d90fffa85a52b59ad5540d"}
,"C:\\Users\\Sara Cadavid\\OneDrive - TRONEX S.A\\Documents\\Especialización\\MobReaNat\\task-manager-testing-lab\\src\\screens\\CreateTaskScreen.tsx": {"path":"C:\\Users\\Sara Cadavid\\OneDrive - TRONEX S.A\\Documents\\Especialización\\MobReaNat\\task-manager-testing-lab\\src\\screens\\CreateTaskScreen.tsx","statementMap":{"0":{"start":{"line":10,"column":48},"end":{"line":10,"column":63}},"1":{"start":{"line":11,"column":17},"end":{"line":11,"column":36}},"2":{"start":{"line":12,"column":44},"end":{"line":12,"column":73}},"3":{"start":{"line":14,"column":22},"end":{"line":14,"column":63}},"4":{"start":{"line":14,"column":40},"end":{"line":14,"column":62}},"5":{"start":{"line":16,"column":2},"end":{"line":44,"column":4}},"6":{"start":{"line":37,"column":24},"end":{"line":37,"column":46}},"7":{"start":{"line":39,"column":10},"end":{"line":39,"column":55}},"8":{"start":{"line":39,"column":29},"end":{"line":39,"column":55}},"9":{"start":{"line":40,"column":10},"end":{"line":40,"column":33}}},"fnMap":{"0":{"name":"CreateTaskScreen","decl":{"start":{"line":9,"column":16},"end":{"line":9,"column":32}},"loc":{"start":{"line":9,"column":35},"end":{"line":45,"column":1}},"line":9},"1":{"name":"(anonymous_1)","decl":{"start":{"line":14,"column":33},"end":{"line":14,"column":34}},"loc":{"start":{"line":14,"column":40},"end":{"line":14,"column":62}},"line":14},"2":{"name":"(anonymous_2)","decl":{"start":{"line":37,"column":18},"end":{"line":37,"column":19}},"loc":{"start":{"line":37,"column":24},"end":{"line":37,"column":46}},"line":37},"3":{"name":"(anonymous_3)","decl":{"start":{"line":38,"column":19},"end":{"line":38,"column":20}},"loc":{"start":{"line":38,"column":25},"end":{"line":41,"column":9}},"line":38}},"branchMap":{"0":{"loc":{"start":{"line":23,"column":7},"end":{"line":27,"column":7}},"type":"binary-expr","locations":[{"start":{"line":23,"column":7},"end":{"line":23,"column":27}},{"start":{"line":24,"column":8},"end":{"line":26,"column":15}}],"line":23},"1":{"loc":{"start":{"line":28,"column":7},"end":{"line":32,"column":7}},"type":"binary-expr","locations":[{"start":{"line":28,"column":7},"end":{"line":28,"column":25}},{"start":{"line":29,"column":8},"end":{"line":31,"column":15}}],"line":28},"2":{"loc":{"start":{"line":39,"column":10},"end":{"line":39,"column":55}},"type":"if","locations":[{"start":{"line":39,"column":10},"end":{"line":39,"column":55}},{"start":{},"end":{}}],"line":39}},"s":{"0":2,"1":2,"2":2,"3":2,"4":1,"5":2,"6":0,"7":0,"8":0,"9":0},"f":{"0":2,"1":1,"2":0,"3":0},"b":{"0":[2,1],"1":[2,0],"2":[0,0]},"_coverageSchema":"1a1c01bbd47fc00a2c39e90264f33305004495a9","hash":"c8fae763041e167656f4f657050102c2c4f52fbf"}
,"C:\\Users\\Sara Cadavid\\OneDrive - TRONEX S.A\\Documents\\Especialización\\MobReaNat\\task-manager-testing-lab\\src\\services\\taskService.ts": {"path":"C:\\Users\\Sara Cadavid\\OneDrive - TRONEX S.A\\Documents\\Especialización\\MobReaNat\\task-manager-testing-lab\\src\\services\\taskService.ts","statementMap":{"0":{"start":{"line":3,"column":16},"end":{"line":3,"column":45}},"1":{"start":{"line":6,"column":14},"end":{"line":6,"column":45}},"2":{"start":{"line":7,"column":2},"end":{"line":7,"column":62}},"3":{"start":{"line":7,"column":15},"end":{"line":7,"column":62}},"4":{"start":{"line":8,"column":2},"end":{"line":8,"column":20}},"5":{"start":{"line":14,"column":2},"end":{"line":14,"column":65}}},"fnMap":{"0":{"name":"fetchTasks","decl":{"start":{"line":5,"column":22},"end":{"line":5,"column":32}},"loc":{"start":{"line":5,"column":52},"end":{"line":9,"column":1}},"line":5},"1":{"name":"createTask","decl":{"start":{"line":11,"column":22},"end":{"line":11,"column":32}},"loc":{"start":{"line":11,"column":63},"end":{"line":15,"column":1}},"line":11}},"branchMap":{"0":{"loc":{"start":{"line":7,"column":2},"end":{"line":7,"column":62}},"type":"if","locations":[{"start":{"line":7,"column":2},"end":{"line":7,"column":62}},{"start":{},"end":{}}],"line":7}},"s":{"0":1,"1":0,"2":0,"3":0,"4":0,"5":1},"f":{"0":0,"1":1},"b":{"0":[0,0]},"_coverageSchema":"1a1c01bbd47fc00a2c39e90264f33305004495a9","hash":"400e6ef9587f735cfefd274bd7b78450fc8c8fdd"}
,"C:\\Users\\Sara Cadavid\\OneDrive - TRONEX S.A\\Documents\\Especialización\\MobReaNat\\task-manager-testing-lab\\src\\utils\\filterTasks.ts": {"path":"C:\\Users\\Sara Cadavid\\OneDrive - TRONEX S.A\\Documents\\Especialización\\MobReaNat\\task-manager-testing-lab\\src\\utils\\filterTasks.ts","statementMap":{"0":{"start":{"line":5,"column":30},"end":{"line":5,"column":73}},"1":{"start":{"line":8,"column":2},"end":{"line":10,"column":3}},"2":{"start":{"line":9,"column":4},"end":{"line":9,"column":50}},"3":{"start":{"line":11,"column":2},"end":{"line":11,"column":37}},"4":{"start":{"line":11,"column":24},"end":{"line":11,"column":37}},"5":{"start":{"line":12,"column":2},"end":{"line":12,"column":50}},"6":{"start":{"line":12,"column":29},"end":{"line":12,"column":48}}},"fnMap":{"0":{"name":"filterTasksByStatus","decl":{"start":{"line":7,"column":16},"end":{"line":7,"column":35}},"loc":{"start":{"line":7,"column":81},"end":{"line":13,"column":1}},"line":7},"1":{"name":"(anonymous_1)","decl":{"start":{"line":12,"column":22},"end":{"line":12,"column":23}},"loc":{"start":{"line":12,"column":29},"end":{"line":12,"column":48}},"line":12}},"branchMap":{"0":{"loc":{"start":{"line":8,"column":2},"end":{"line":10,"column":3}},"type":"if","locations":[{"start":{"line":8,"column":2},"end":{"line":10,"column":3}},{"start":{},"end":{}}],"line":8},"1":{"loc":{"start":{"line":11,"column":2},"end":{"line":11,"column":37}},"type":"if","locations":[{"start":{"line":11,"column":2},"end":{"line":11,"column":37}},{"start":{},"end":{}}],"line":11}},"s":{"0":1,"1":8,"2":1,"3":7,"4":1,"5":6,"6":17},"f":{"0":8,"1":17},"b":{"0":[1,7],"1":[1,6]},"_coverageSchema":"1a1c01bbd47fc00a2c39e90264f33305004495a9","hash":"1975de7eff62852619e242dbc0e1bccff7ba1ba7"}
,"C:\\Users\\Sara Cadavid\\OneDrive - TRONEX S.A\\Documents\\Especialización\\MobReaNat\\task-manager-testing-lab\\src\\utils\\validateTask.ts": {"path":"C:\\Users\\Sara Cadavid\\OneDrive - TRONEX S.A\\Documents\\Especialización\\MobReaNat\\task-manager-testing-lab\\src\\utils\\validateTask.ts","statementMap":{"0":{"start":{"line":2,"column":2},"end":{"line":4,"column":3}},"1":{"start":{"line":3,"column":4},"end":{"line":3,"column":38}},"2":{"start":{"line":5,"column":2},"end":{"line":7,"column":3}},"3":{"start":{"line":6,"column":4},"end":{"line":6,"column":56}},"4":{"start":{"line":8,"column":2},"end":{"line":10,"column":3}},"5":{"start":{"line":9,"column":4},"end":{"line":9,"column":59}},"6":{"start":{"line":11,"column":2},"end":{"line":11,"column":14}}},"fnMap":{"0":{"name":"validateTaskTitle","decl":{"start":{"line":1,"column":16},"end":{"line":1,"column":33}},"loc":{"start":{"line":1,"column":64},"end":{"line":12,"column":1}},"line":1}},"branchMap":{"0":{"loc":{"start":{"line":2,"column":2},"end":{"line":4,"column":3}},"type":"if","locations":[{"start":{"line":2,"column":2},"end":{"line":4,"column":3}},{"start":{},"end":{}}],"line":2},"1":{"loc":{"start":{"line":2,"column":6},"end":{"line":2,"column":41}},"type":"binary-expr","locations":[{"start":{"line":2,"column":6},"end":{"line":2,"column":12}},{"start":{"line":2,"column":16},"end":{"line":2,"column":41}}],"line":2},"2":{"loc":{"start":{"line":5,"column":2},"end":{"line":7,"column":3}},"type":"if","locations":[{"start":{"line":5,"column":2},"end":{"line":7,"column":3}},{"start":{},"end":{}}],"line":5},"3":{"loc":{"start":{"line":8,"column":2},"end":{"line":10,"column":3}},"type":"if","locations":[{"start":{"line":8,"column":2},"end":{"line":10,"column":3}},{"start":{},"end":{}}],"line":8}},"s":{"0":11,"1":4,"2":7,"3":2,"4":5,"5":1,"6":4},"f":{"0":11},"b":{"0":[4,7],"1":[11,8],"2":[2,5],"3":[1,4]},"_coverageSchema":"1a1c01bbd47fc00a2c39e90264f33305004495a9","hash":"833599fca6897d791d7ff90ee6e865e259101119"}
}
