TN:
SF:src\types.ts
FNF:0
FNH:0
LF:0
LH:0
BRF:0
BRH:0
end_of_record
TN:
SF:src\components\ConfirmDeleteDialog.tsx
FN:11,ConfirmDeleteDialog
FNF:1
FNH:1
FNDA:8,ConfirmDeleteDialog
DA:17,8
LF:1
LH:1
BRDA:23,0,0,5
BRDA:23,0,1,3
BRF:2
BRH:2
end_of_record
TN:
SF:src\components\TaskCard.tsx
FN:10,TaskCard
FN:23,(anonymous_1)
FNF:2
FNH:2
FNDA:11,TaskCard
FNDA:1,(anonymous_1)
DA:11,11
DA:12,11
DA:23,1
LF:3
LH:3
BRDA:19,0,0,2
BRDA:19,0,1,9
BRDA:20,1,0,2
BRDA:20,1,1,9
BRF:4
BRH:4
end_of_record
TN:
SF:src\components\TaskForm.tsx
FN:8,TaskForm
FN:11,(anonymous_1)
FNF:2
FNH:2
FNDA:10,TaskForm
FNDA:4,(anonymous_1)
DA:9,10
DA:11,10
DA:12,4
DA:13,2
DA:16,10
LF:5
LH:5
BRDA:12,0,0,2
BRDA:12,0,1,2
BRF:2
BRH:2
end_of_record
TN:
SF:src\components\TaskList.tsx
FN:11,TaskList
FN:11,(anonymous_1)
FN:23,(anonymous_2)
FN:24,(anonymous_3)
FNF:4
FNH:3
FNDA:5,TaskList
FNDA:0,(anonymous_1)
FNDA:7,(anonymous_2)
FNDA:4,(anonymous_3)
DA:12,5
DA:13,2
DA:16,3
DA:23,7
DA:24,4
LF:5
LH:5
BRDA:11,0,0,3
BRDA:12,1,0,2
BRDA:12,1,1,3
BRDA:19,2,0,2
BRDA:19,2,1,1
BRF:5
BRH:5
end_of_record
TN:
SF:src\hooks\useCounter.ts
FN:3,useCounter
FN:6,(anonymous_1)
FN:6,(anonymous_2)
FN:7,(anonymous_3)
FN:7,(anonymous_4)
FN:8,(anonymous_5)
FNF:6
FNH:6
FNDA:13,useCounter
FNDA:5,(anonymous_1)
FNDA:5,(anonymous_2)
FNDA:3,(anonymous_3)
FNDA:3,(anonymous_4)
FNDA:1,(anonymous_5)
DA:4,13
DA:6,13
DA:7,13
DA:8,13
DA:10,13
LF:5
LH:5
BRDA:3,0,0,5
BRF:1
BRH:1
end_of_record
TN:
SF:src\hooks\useCreateTask.ts
FN:5,useCreateTask
FN:9,(anonymous_1)
FN:13,(anonymous_2)
FN:20,(anonymous_3)
FN:21,(anonymous_4)
FN:21,(anonymous_5)
FNF:6
FNH:6
FNDA:7,useCreateTask
FNDA:3,(anonymous_1)
FNDA:2,(anonymous_2)
FNDA:1,(anonymous_3)
FNDA:1,(anonymous_4)
FNDA:1,(anonymous_5)
DA:6,7
DA:7,7
DA:9,7
DA:10,3
DA:11,3
DA:12,3
DA:13,2
DA:14,2
DA:16,1
DA:20,7
DA:21,1
DA:24,7
LF:12
LH:12
BRF:0
BRH:0
end_of_record
TN:
SF:src\hooks\useTaskList.ts
FN:4,useTaskList
FN:8,(anonymous_1)
FN:19,(anonymous_2)
FN:22,(anonymous_3)
FN:23,(anonymous_4)
FN:23,(anonymous_5)
FNF:6
FNH:6
FNDA:14,useTaskList
FNDA:5,(anonymous_1)
FNDA:3,(anonymous_2)
FNDA:2,(anonymous_3)
FNDA:2,(anonymous_4)
FNDA:4,(anonymous_5)
DA:5,14
DA:6,14
DA:8,14
DA:9,5
DA:10,2
DA:11,2
DA:13,3
DA:14,3
DA:19,3
DA:22,14
DA:23,4
DA:26,14
DA:28,14
LF:13
LH:13
BRDA:4,0,0,10
BRDA:9,1,0,2
BRDA:9,1,1,3
BRF:3
BRH:3
end_of_record
TN:
SF:src\schemas\taskSchema.ts
FNF:0
FNH:0
DA:3,1
DA:10,1
LF:2
LH:2
BRF:0
BRH:0
end_of_record
TN:
SF:src\screens\CreateTaskScreen.tsx
FN:9,CreateTaskScreen
FN:14,(anonymous_1)
FN:37,(anonymous_2)
FN:38,(anonymous_3)
FNF:4
FNH:2
FNDA:2,CreateTaskScreen
FNDA:1,(anonymous_1)
FNDA:0,(anonymous_2)
FNDA:0,(anonymous_3)
DA:10,2
DA:11,2
DA:12,2
DA:14,2
DA:16,2
DA:37,0
DA:39,0
DA:40,0
LF:8
LH:5
BRDA:23,0,0,2
BRDA:23,0,1,1
BRDA:28,1,0,2
BRDA:28,1,1,0
BRDA:39,2,0,0
BRDA:39,2,1,0
BRF:6
BRH:3
end_of_record
TN:
SF:src\services\taskService.ts
FN:5,fetchTasks
FN:11,createTask
FNF:2
FNH:1
FNDA:0,fetchTasks
FNDA:1,createTask
DA:3,1
DA:6,0
DA:7,0
DA:8,0
DA:14,1
LF:5
LH:2
BRDA:7,0,0,0
BRDA:7,0,1,0
BRF:2
BRH:0
end_of_record
TN:
SF:src\utils\filterTasks.ts
FN:7,filterTasksByStatus
FN:12,(anonymous_1)
FNF:2
FNH:2
FNDA:8,filterTasksByStatus
FNDA:17,(anonymous_1)
DA:5,1
DA:8,8
DA:9,1
DA:11,7
DA:12,17
LF:5
LH:5
BRDA:8,0,0,1
BRDA:8,0,1,7
BRDA:11,1,0,1
BRDA:11,1,1,6
BRF:4
BRH:4
end_of_record
TN:
SF:src\utils\validateTask.ts
FN:1,validateTaskTitle
FNF:1
FNH:1
FNDA:11,validateTaskTitle
DA:2,11
DA:3,4
DA:5,7
DA:6,2
DA:8,5
DA:9,1
DA:11,4
LF:7
LH:7
BRDA:2,0,0,4
BRDA:2,0,1,7
BRDA:2,1,0,11
BRDA:2,1,1,8
BRDA:5,2,0,2
BRDA:5,2,1,5
BRDA:8,3,0,1
BRDA:8,3,1,4
BRF:8
BRH:8
end_of_record
